Using pre-set license
Built from '2020.3/staging' branch; Version is '2020.3.25f1 (9b9180224418) revision 10195328'; Using compiler version '192528614'; Build Type 'Release'
OS: 'Windows 10  (10.0.19042) 64bit Education' Language: 'en' Physical Memory: 32687 MB
BatchMode: 1, IsHumanControllingUs: 0, StartBugReporterOnCrash: 0, Is64bit: 1, IsPro: 0

COMMAND LINE ARGUMENTS:
C:\Program Files\Unity\Hub\Editor\2020.3.25f1\Editor\Unity.exe
-adb2
-batchMode
-noUpm
-name
AssetImportWorker0
-projectPath
E:/Unity/ProduceTowers
-logFile
Logs/AssetImportWorker0.log
-srvPort
62271
Successfully changed project path to: E:/Unity/ProduceTowers
E:/Unity/ProduceTowers
Using Asset Import Pipeline V2.
Refreshing native plugins compatible for Editor in 46.11 ms, found 2 plugins.
Preloading 0 native plugins for Editor in 0.00 ms.
Initialize engine version: 2020.3.25f1 (9b9180224418)
[Subsystems] Discovering subsystems at path C:/Program Files/Unity/Hub/Editor/2020.3.25f1/Editor/Data/Resources/UnitySubsystems
[Subsystems] Discovering subsystems at path E:/Unity/ProduceTowers/Assets
GfxDevice: creating device client; threaded=0
Direct3D:
    Version:  Direct3D 11.0 [level 11.1]
    Renderer: NVIDIA GeForce RTX 2070 (ID=0x1f07)
    Vendor:   
    VRAM:     8031 MB
    Driver:   30.0.14.9729
Initialize mono
Mono path[0] = 'C:/Program Files/Unity/Hub/Editor/2020.3.25f1/Editor/Data/Managed'
Mono path[1] = 'C:/Program Files/Unity/Hub/Editor/2020.3.25f1/Editor/Data/MonoBleedingEdge/lib/mono/unityjit'
Mono config path = 'C:/Program Files/Unity/Hub/Editor/2020.3.25f1/Editor/Data/MonoBleedingEdge/etc'
Using monoOptions --debugger-agent=transport=dt_socket,embedding=1,server=y,suspend=n,address=127.0.0.1:56404
Begin MonoManager ReloadAssembly
Registering precompiled unity dll's ...
Register platform support module: C:/Program Files/Unity/Hub/Editor/2020.3.25f1/Editor/Data/PlaybackEngines/WebGLSupport/UnityEditor.WebGL.Extensions.dll
Register platform support module: C:/Program Files/Unity/Hub/Editor/2020.3.25f1/Editor/Data/PlaybackEngines/WindowsStandaloneSupport/UnityEditor.WindowsStandalone.Extensions.dll
Registered in 0.001876 seconds.
Native extension for WindowsStandalone target not found
Native extension for WebGL target not found
Refreshing native plugins compatible for Editor in 43.89 ms, found 2 plugins.
Preloading 0 native plugins for Editor in 0.00 ms.
Mono: successfully reloaded assembly
- Completed reload, in  0.478 seconds
Domain Reload Profiling:
	ReloadAssembly (478ms)
		BeginReloadAssembly (41ms)
			ExecutionOrderSort (0ms)
			DisableScriptedObjects (0ms)
			BackupInstance (0ms)
			ReleaseScriptingObjects (0ms)
			CreateAndSetChildDomain (1ms)
		EndReloadAssembly (379ms)
			LoadAssemblies (39ms)
			RebuildTransferFunctionScriptingTraits (0ms)
			SetupTypeCache (121ms)
			ReleaseScriptCaches (0ms)
			RebuildScriptCaches (24ms)
			SetupLoadedEditorAssemblies (151ms)
				LogAssemblyErrors (0ms)
				InitializePlatformSupportModulesInManaged (4ms)
				SetLoadedEditorAssemblies (0ms)
				RefreshPlugins (44ms)
				BeforeProcessingInitializeOnLoad (13ms)
				ProcessInitializeOnLoadAttributes (67ms)
				ProcessInitializeOnLoadMethodAttributes (22ms)
				AfterProcessingInitializeOnLoad (0ms)
				EditorAssembliesLoaded (0ms)
			ExecutionOrderSort2 (0ms)
			AwakeInstancesAfterBackupRestoration (0ms)
Platform modules already initialized, skipping
Registering precompiled user dll's ...
Registered in 0.002415 seconds.
Begin MonoManager ReloadAssembly
Native extension for WindowsStandalone target not found
Native extension for WebGL target not found
Refreshing native plugins compatible for Editor in 43.49 ms, found 2 plugins.
Preloading 0 native plugins for Editor in 0.00 ms.
Mono: successfully reloaded assembly
- Completed reload, in  0.923 seconds
Domain Reload Profiling:
	ReloadAssembly (924ms)
		BeginReloadAssembly (108ms)
			ExecutionOrderSort (0ms)
			DisableScriptedObjects (4ms)
			BackupInstance (0ms)
			ReleaseScriptingObjects (0ms)
			CreateAndSetChildDomain (14ms)
		EndReloadAssembly (768ms)
			LoadAssemblies (70ms)
			RebuildTransferFunctionScriptingTraits (0ms)
			SetupTypeCache (281ms)
			ReleaseScriptCaches (0ms)
			RebuildScriptCaches (39ms)
			SetupLoadedEditorAssemblies (277ms)
				LogAssemblyErrors (0ms)
				InitializePlatformSupportModulesInManaged (3ms)
				SetLoadedEditorAssemblies (0ms)
				RefreshPlugins (44ms)
				BeforeProcessingInitializeOnLoad (67ms)
				ProcessInitializeOnLoadAttributes (151ms)
				ProcessInitializeOnLoadMethodAttributes (7ms)
				AfterProcessingInitializeOnLoad (5ms)
				EditorAssembliesLoaded (0ms)
			ExecutionOrderSort2 (0ms)
			AwakeInstancesAfterBackupRestoration (6ms)
Platform modules already initialized, skipping
========================================================================
Worker process is ready to serve import requests
Launched and connected shader compiler UnityShaderCompiler.exe after 0.05 seconds
Refreshing native plugins compatible for Editor in 0.41 ms, found 2 plugins.
Preloading 0 native plugins for Editor in 0.00 ms.
Unloading 2811 Unused Serialized files (Serialized files now loaded: 0)
System memory in use before: 125.8 MB.
System memory in use after: 126.0 MB.

Unloading 20 unused Assets to reduce memory usage. Loaded Objects now: 3247.
Total: 2.544200 ms (FindLiveObjects: 0.172800 ms CreateObjectMapping: 0.117100 ms MarkObjects: 2.197500 ms  DeleteObjects: 0.055800 ms)

AssetImportParameters requested are different than current active one (requested -> active):
  custom:framework-win-MediaFoundation: 216162199b28c13a410421893ffa2e32 -> 
  custom:video-decoder-ogg-theora: a1e56fd34408186e4bbccfd4996cb3dc -> 
  custom:container-muxer-webm: aa71ff27fc2769a1b78a27578f13a17b -> 
  custom:container-demuxer-webm: 4f35f7cbe854078d1ac9338744f61a02 -> 
  custom:container-demuxer-ogg: 62fdf1f143b41e24485cea50d1cbac27 -> 
  custom:video-encoder-webm-vp8: eb34c28f22e8b96e1ab97ce403110664 -> 
  custom:video-codec-MediaFoundation-h265: 746d11721c4dcdbdad8f713fa42b33f4 -> 
  custom:video-decoder-webm-vp8: 9c59270c3fd7afecdb556c50c9e8de78 -> 
  custom:audio-decoder-ogg-vorbis: bf7c407c2cedff20999df2af8eb42d56 -> 
  custom:audio-encoder-webm-vorbis: bf7c407c2cedff20999df2af8eb42d56 -> 
========================================================================
Received Import Request.
  path: Assets/Materials/Shaders/AddAdditionalLight.shadersubgraph
  artifactKey: Guid(c9e829e86ab40ce48a417c49335ad274) Importer(815301076,1909f56bfc062723c751e8b465ee728b)
Start importing Assets/Materials/Shaders/AddAdditionalLight.shadersubgraph using Guid(c9e829e86ab40ce48a417c49335ad274) Importer(815301076,1909f56bfc062723c751e8b465ee728b)  -> (artifact id: 'dee2a5a9fab38237df21a9bb2354432c') in 0.029020 seconds 
  Import took 0.032244 seconds .

========================================================================
Received Import Request.
  Time since last request: 0.000125 seconds.
  path: Assets/Materials/Shaders/CalcualteLights.shadersubgraph
  artifactKey: Guid(c6d325e7968f2aa4786a21f3c43c9383) Importer(815301076,1909f56bfc062723c751e8b465ee728b)
Start importing Assets/Materials/Shaders/CalcualteLights.shadersubgraph using Guid(c6d325e7968f2aa4786a21f3c43c9383) Importer(815301076,1909f56bfc062723c751e8b465ee728b)  -> (artifact id: '4f24b939b1df341b1f5bd74a13fcdff4') in 0.007289 seconds 
  Import took 0.010390 seconds .

========================================================================
Received Import Request.
  Time since last request: 0.000199 seconds.
  path: Assets/Materials/Shaders/ToonShader.shadersubgraph
  artifactKey: Guid(07f8eaa4dd06fbb40849efc1a048724b) Importer(815301076,1909f56bfc062723c751e8b465ee728b)
Start importing Assets/Materials/Shaders/ToonShader.shadersubgraph using Guid(07f8eaa4dd06fbb40849efc1a048724b) Importer(815301076,1909f56bfc062723c751e8b465ee728b)  -> (artifact id: 'c5a1d2299011b01cb85ca7e9b4af9515') in 0.006198 seconds 
  Import took 0.010567 seconds .

========================================================================
Received Import Request.
  Time since last request: 0.000145 seconds.
  path: Assets/Materials/Shaders/CalculateMainLight.shadersubgraph
  artifactKey: Guid(54cc43d21f79b0d4d9022a1dab4a6b5a) Importer(815301076,1909f56bfc062723c751e8b465ee728b)
Start importing Assets/Materials/Shaders/CalculateMainLight.shadersubgraph using Guid(54cc43d21f79b0d4d9022a1dab4a6b5a) Importer(815301076,1909f56bfc062723c751e8b465ee728b)  -> (artifact id: '084c6eb529f8ce27eb2263f7b96221bc') in 0.004825 seconds 
  Import took 0.007902 seconds .

========================================================================
Received Import Request.
  Time since last request: 0.000113 seconds.
  path: Assets/Materials/Shaders/SobelFineTuning.shadersubgraph
  artifactKey: Guid(592592522be17cc498e7840a42e37b02) Importer(815301076,1909f56bfc062723c751e8b465ee728b)
Start importing Assets/Materials/Shaders/SobelFineTuning.shadersubgraph using Guid(592592522be17cc498e7840a42e37b02) Importer(815301076,1909f56bfc062723c751e8b465ee728b)  -> (artifact id: '276f8204b72cd843047f79b98f2af952') in 0.004513 seconds 
  Import took 0.008346 seconds .

========================================================================
Received Import Request.
  Time since last request: 0.000136 seconds.
  path: Assets/Materials/Shaders/AdjustSmoothness.shadersubgraph
  artifactKey: Guid(9dfc3450c3b278447a768ae51560984e) Importer(815301076,1909f56bfc062723c751e8b465ee728b)
Start importing Assets/Materials/Shaders/AdjustSmoothness.shadersubgraph using Guid(9dfc3450c3b278447a768ae51560984e) Importer(815301076,1909f56bfc062723c751e8b465ee728b)  -> (artifact id: 'c110c38acab02209d9b552baab11a4b8') in 0.004213 seconds 
  Import took 0.007779 seconds .

========================================================================
Received Import Request.
  Time since last request: 0.000145 seconds.
  path: Assets/Materials/Shaders/OutlineS.shadersubgraph
  artifactKey: Guid(165eb46ecd2cc364abd94af97db69874) Importer(815301076,1909f56bfc062723c751e8b465ee728b)
Start importing Assets/Materials/Shaders/OutlineS.shadersubgraph using Guid(165eb46ecd2cc364abd94af97db69874) Importer(815301076,1909f56bfc062723c751e8b465ee728b)  -> (artifact id: '16ef442ee7be4a5531b10d3835bd9cdc') in 0.004671 seconds 
  Import took 0.008007 seconds .

========================================================================
Received Import Request.
  Time since last request: 0.000125 seconds.
  path: Assets/Materials/Shaders/CalculateLightingRamp.shadersubgraph
  artifactKey: Guid(a4598fca4ea6c6541b85836c044adae3) Importer(815301076,1909f56bfc062723c751e8b465ee728b)
Start importing Assets/Materials/Shaders/CalculateLightingRamp.shadersubgraph using Guid(a4598fca4ea6c6541b85836c044adae3) Importer(815301076,1909f56bfc062723c751e8b465ee728b)  -> (artifact id: '5afa45407d1082eb239174411705f5d4') in 0.004234 seconds 
  Import took 0.007498 seconds .

========================================================================
Received Import Request.
  Time since last request: 0.796902 seconds.
  path: Assets/Scenes/GridGenerationScene.unity
  artifactKey: Guid(9fc0d4010bbf28b4594072e72b8655ab) Importer(815301076,1909f56bfc062723c751e8b465ee728b)
Start importing Assets/Scenes/GridGenerationScene.unity using Guid(9fc0d4010bbf28b4594072e72b8655ab) Importer(815301076,1909f56bfc062723c751e8b465ee728b)  -> (artifact id: '44859e7e3bb84b3a19e1571aba29cd5b') in 0.006301 seconds 
  Import took 0.009660 seconds .

